{"name": "Order creation test by non logged in user", "status": "failed", "statusDetails": {"message": "AssertionError: assert 200 == 401", "trace": "self = <tests.test_order.test_create_order.TestCreateOrder object at 0x104e95820>\nget_ingredients = ['61c0c5a71d1f82001bdaaa6d', '61c0c5a71d1f82001bdaaa6f', '61c0c5a71d1f82001bdaaa70', '61c0c5a71d1f82001bdaaa71', '61c0c5a71d1f82001bdaaa72', '61c0c5a71d1f82001bdaaa6e', ...]\n\n    @allure.title('Order creation test by non logged in user')\n    @allure.description('Order creation without user authorization negative check')\n    def test_create_order_without_authorization_token(self, get_ingredients):\n        payload = Order(get_ingredients[0:3])\n        (data, status_code) = OrderClient().create_order(payload, UserToken('', ''))\n    \n>       assert status_code == requests.codes['unauthorized']\nE       assert 200 == 401\n\ntests/test_order/test_create_order.py:31: AssertionError"}, "description": "Order creation without user authorization negative check", "start": 1708895311920, "stop": 1708895312279, "uuid": "143bfec3-3b99-42a8-8e1b-f86d8d6e4cca", "historyId": "9bb66d7256722f4f27f75244a8415ebd", "testCaseId": "9bb66d7256722f4f27f75244a8415ebd", "fullName": "tests.test_order.test_create_order.TestCreateOrder#test_create_order_without_authorization_token", "labels": [{"name": "parentSuite", "value": "tests.test_order"}, {"name": "suite", "value": "test_create_order"}, {"name": "subSuite", "value": "TestCreateOrder"}, {"name": "host", "value": "Air-Uchiru-5.lan"}, {"name": "thread", "value": "24222-MainThread"}, {"name": "framework", "value": "pytest"}, {"name": "language", "value": "cpython3"}, {"name": "package", "value": "tests.test_order.test_create_order"}]}